<?xml version="1.0" encoding="UTF-8"?>
<!-- Generated by org.testng.reporters.JUnitReportReporter -->
<testsuite hostname="PC413876" failures="0" tests="1" name="TestCases.SearchHospital" time="45.801" errors="0" timestamp="2020-11-01T21:52:33 IST" skipped="0">
  <testcase classname="TestCases.SearchHospital" name="getHospitalsNmaes" time="45.801"/>
  <system-out/>
</testsuite> <!-- TestCases.SearchHospital -->
