<?xml version="1.0" encoding="UTF-8"?>
<!-- Generated by org.testng.reporters.JUnitReportReporter -->
<testsuite skipped="0" hostname="LAPTOP-RBOABFS6" name="TestCases.LogInTest" tests="1" failures="0" timestamp="17 Nov 2020 11:13:24 GMT" time="26.327" errors="0">
  <testcase name="verifyLogInWithInvalidCredentials" time="26.327" classname="TestCases.LogInTest"/>
</testsuite> <!-- TestCases.LogInTest -->
