<?xml version="1.0" encoding="UTF-8"?>
<!-- Generated by org.testng.reporters.JUnitReportReporter -->
<testsuite skipped="1" hostname="LAPTOP-RBOABFS6" name="TestCases.CorporateWellnessTest" tests="1" failures="0" timestamp="24 Nov 2020 07:07:13 GMT" time="0.000" errors="0">
  <testcase name="corporateWellnessTest" time="0.000" classname="TestCases.CorporateWellnessTest">
    <skipped/>
  </testcase> <!-- corporateWellnessTest -->
</testsuite> <!-- TestCases.CorporateWellnessTest -->
