<?xml version="1.0" encoding="UTF-8"?>
<!-- Generated by org.testng.reporters.JUnitReportReporter -->
<testsuite skipped="0" hostname="LAPTOP-RBOABFS6" name="TestCases.TopMenuTest" tests="5" failures="0" timestamp="17 Nov 2020 11:13:24 GMT" time="89.418" errors="0">
  <testcase name="homeButtontest" time="16.331" classname="TestCases.TopMenuTest"/>
  <testcase name="diagnosticsButtontest" time="19.980" classname="TestCases.TopMenuTest"/>
  <testcase name="consultButtontest" time="17.559" classname="TestCases.TopMenuTest"/>
  <testcase name="doctorsButtontest" time="18.774" classname="TestCases.TopMenuTest"/>
  <testcase name="pharmacyButtontest" time="16.774" classname="TestCases.TopMenuTest"/>
</testsuite> <!-- TestCases.TopMenuTest -->
