<?xml version="1.0" encoding="UTF-8"?>
<!-- Generated by org.testng.reporters.JUnitReportReporter -->
<testsuite skipped="0" hostname="LAPTOP-RBOABFS6" name="TestCases.SearchHospitalTest" tests="1" failures="0" timestamp="17 Nov 2020 06:13:35 GMT" time="94.504" errors="0">
  <testcase name="getHospitalsNmaes" time="94.504" classname="TestCases.SearchHospitalTest"/>
</testsuite> <!-- TestCases.SearchHospitalTest -->
