<?xml version="1.0" encoding="UTF-8"?>
<!-- Generated by org.testng.reporters.JUnitReportReporter -->
<testsuite skipped="0" hostname="LAPTOP-RBOABFS6" name="TestCases.DiagnosticTest" tests="1" failures="0" timestamp="17 Nov 2020 06:13:35 GMT" time="25.584" errors="0">
  <testcase name="topCitiesTest" time="25.584" classname="TestCases.DiagnosticTest"/>
</testsuite> <!-- TestCases.DiagnosticTest -->
