<?xml version="1.0" encoding="UTF-8"?>
<!-- Generated by org.testng.reporters.JUnitReportReporter -->
<testsuite skipped="5" hostname="LAPTOP-RBOABFS6" name="TestCases.TopMenuTest" tests="5" failures="0" timestamp="24 Nov 2020 07:07:13 GMT" time="0.000" errors="0">
  <testcase name="homeButtontest" time="0.000" classname="TestCases.TopMenuTest">
    <skipped/>
  </testcase> <!-- homeButtontest -->
  <testcase name="doctorsButtontest" time="0.000" classname="TestCases.TopMenuTest">
    <skipped/>
  </testcase> <!-- doctorsButtontest -->
  <testcase name="consultButtontest" time="0.000" classname="TestCases.TopMenuTest">
    <skipped/>
  </testcase> <!-- consultButtontest -->
  <testcase name="diagnosticsButtontest" time="0.000" classname="TestCases.TopMenuTest">
    <skipped/>
  </testcase> <!-- diagnosticsButtontest -->
  <testcase name="pharmacyButtontest" time="0.000" classname="TestCases.TopMenuTest">
    <skipped/>
  </testcase> <!-- pharmacyButtontest -->
</testsuite> <!-- TestCases.TopMenuTest -->
