<?xml version="1.0" encoding="UTF-8"?>
<!-- Generated by org.testng.reporters.JUnitReportReporter -->
<testsuite skipped="2" hostname="LAPTOP-RBOABFS6" name="TestCases.LogInTest" tests="2" failures="0" timestamp="24 Nov 2020 07:07:13 GMT" time="0.000" errors="0">
  <testcase name="verifyLogInWithvalidCredentials" time="0.000" classname="TestCases.LogInTest">
    <skipped/>
  </testcase> <!-- verifyLogInWithvalidCredentials -->
  <testcase name="verifyLogInWithInvalidCredentials" time="0.000" classname="TestCases.LogInTest">
    <skipped/>
  </testcase> <!-- verifyLogInWithInvalidCredentials -->
</testsuite> <!-- TestCases.LogInTest -->
